#
# A fatal error has been detected by the Java Runtime Environment:
#
#  Internal Error (javaClasses.cpp:129), pid=3304, tid=5452
#  fatal error: Invalid layout of preloaded class
#
# JRE version: 7.0_09-b05
# Java VM: Java HotSpot(TM) 64-Bit Server VM (23.5-b02 mixed mode windows-amd64 compressed oops)
# Failed to write core dump. Minidumps are not enabled by default on client versions of Windows
#
# If you would like to submit a bug report, please visit:
#   http://bugreport.sun.com/bugreport/crash.jsp
#

---------------  T H R E A D  ---------------

Current thread (0x000000000238d000):  JavaThread "Unknown thread" [_thread_in_vm, id=5452, stack(0x00000000025c0000,0x00000000026c0000)]

Stack: [0x00000000025c0000,0x00000000026c0000]

---------------  P R O C E S S  ---------------

Java Threads: ( => current thread )

Other Threads:

=>0x000000000238d000 (exited) JavaThread "Unknown thread" [_thread_in_vm, id=5452, stack(0x00000000025c0000,0x00000000026c0000)]

VM state:not at safepoint (not fully initialized)

VM Mutex/Monitor currently owned by a thread: None

GC Heap History (0 events):
No events

Deoptimization events (0 events):
No events

Internal exceptions (0 events):
No events

Events (10 events):
Event: 0.662 loading class 0x0000000002282960 done
Event: 0.662 loading class 0x0000000002244b20 done
Event: 0.662 loading class 0x0000000002244af0
Event: 0.676 loading class 0x000000000228aec0
Event: 0.676 loading class 0x000000000228aec0 done
Event: 0.676 loading class 0x000000000228af00
Event: 0.676 loading class 0x000000000228af00 done
Event: 0.676 loading class 0x00000000022bd4e0
Event: 0.676 loading class 0x00000000022bd4e0 done
Event: 0.676 loading class 0x0000000002244af0 done


Dynamic libraries:
0x000000013f9f0000 - 0x000000013fa24000 	C:\Program Files\Java\jdk1.7.0_09\bin\javaw.exe
0x0000000077870000 - 0x0000000077a1c000 	C:\Windows\SYSTEM32\ntdll.dll
0x0000000077290000 - 0x00000000773af000 	C:\Windows\system32\kernel32.dll
0x000007fefdeb0000 - 0x000007fefdf1c000 	C:\Windows\system32\KERNELBASE.dll
0x00000000733b0000 - 0x00000000733fa000 	C:\Program Files\AVAST Software\Avast\snxhk64.dll
0x000007feffaa0000 - 0x000007feffb7b000 	C:\Windows\system32\ADVAPI32.dll
0x000007fefe5c0000 - 0x000007fefe65f000 	C:\Windows\system32\msvcrt.dll
0x000007fefe320000 - 0x000007fefe33f000 	C:\Windows\SYSTEM32\sechost.dll
0x000007fefe1f0000 - 0x000007fefe31e000 	C:\Windows\system32\RPCRT4.dll
0x0000000077190000 - 0x000000007728a000 	C:\Windows\system32\USER32.dll
0x000007fefe130000 - 0x000007fefe197000 	C:\Windows\system32\GDI32.dll
0x000007fefe9a0000 - 0x000007fefe9ae000 	C:\Windows\system32\LPK.dll
0x000007fefe660000 - 0x000007fefe72a000 	C:\Windows\system32\USP10.dll
0x000007fefc510000 - 0x000007fefc704000 	C:\Windows\WinSxS\amd64_microsoft.windows.common-controls_6595b64144ccf1df_6.0.7600.16661_none_fa62ad231704eab7\COMCTL32.dll
0x000007fefe0b0000 - 0x000007fefe121000 	C:\Windows\system32\SHLWAPI.dll
0x000007feffa70000 - 0x000007feffa9e000 	C:\Windows\system32\IMM32.DLL
0x000007fefeb50000 - 0x000007fefec59000 	C:\Windows\system32\MSCTF.dll
0x000000006f560000 - 0x000000006f631000 	C:\Program Files\Java\jdk1.7.0_09\jre\bin\msvcr100.dll
0x000000005c460000 - 0x000000005cb7f000 	C:\Program Files\Java\jdk1.7.0_09\jre\bin\server\jvm.dll
0x000007fefaaf0000 - 0x000007fefaaf9000 	C:\Windows\system32\WSOCK32.dll
0x000007fefe940000 - 0x000007fefe98d000 	C:\Windows\system32\WS2_32.dll
0x000007fefe990000 - 0x000007fefe998000 	C:\Windows\system32\NSI.dll
0x000007fefbeb0000 - 0x000007fefbeeb000 	C:\Windows\system32\WINMM.dll
0x0000000077a30000 - 0x0000000077a37000 	C:\Windows\system32\PSAPI.DLL
0x00000000712f0000 - 0x00000000712ff000 	C:\Program Files\Java\jdk1.7.0_09\jre\bin\verify.dll
0x000000006f760000 - 0x000000006f788000 	C:\Program Files\Java\jdk1.7.0_09\jre\bin\java.dll
0x000000006f730000 - 0x000000006f745000 	C:\Program Files\Java\jdk1.7.0_09\jre\bin\zip.dll

VM Arguments:
jvm_args: -Dfile.encoding=Cp1252 -Xbootclasspath/p:C:\Users\danilo\android-sdks\platforms\android-10\android.jar 
java_command: org.eclipse.jdt.internal.junit.runner.RemoteTestRunner -version 3 -port 51253 -testLoaderClass org.eclipse.jdt.internal.junit.runner.junit3.JUnit3TestLoader -loaderpluginname org.eclipse.jdt.junit.runtime -classNames br.livroandroid.orientacao.SimpleTest
Launcher Type: SUN_STANDARD

Environment Variables:
JAVA_HOME=C:\Program Files\Java\jdk1.7.0_09
PATH=C:/Users/danilo/Documents/eclipse/jre/bin/server;C:/Users/danilo/Documents/eclipse/jre/bin;C:/Users/danilo/Documents/eclipse/jre/lib/amd64;C:\Windows\system32;C:\Windows;C:\Windows\System32\Wbem;C:\Windows\System32\WindowsPowerShell\v1.0\;JAVA_HOME\bin;C:\Program Files (x86)\OpenVPN\bin;C:\Users\danilo\Documents\eclipse;
USERNAME=danilo
OS=Windows_NT
PROCESSOR_IDENTIFIER=Intel64 Family 6 Model 42 Stepping 7, GenuineIntel



---------------  S Y S T E M  ---------------

OS: Windows 7 , 64 bit Build 7600 

CPU:total 4 (4 cores per cpu, 1 threads per core) family 6 model 42 stepping 7, cmov, cx8, fxsr, mmx, sse, sse2, sse3, ssse3, sse4.1, sse4.2, popcnt, tsc, tscinvbit

Memory: 4k page, physical 4085860k(916604k free), swap 8169812k(2676156k free)

vm_info: Java HotSpot(TM) 64-Bit Server VM (23.5-b02) for windows-amd64 JRE (1.7.0_09-b05), built on Sep 24 2012 21:45:04 by "java_re" with unknown MS VC++:1600

time: Wed Feb 20 14:29:02 2013
elapsed time: 0 seconds

